java.nio.file.FileAlreadyExistsException: C:\Users\Jedha\AppData\Local\ScalaCli\cache\local-repo\1.7.1
  java.base@17.0.6/sun.nio.fs.WindowsFileCopy.move(WindowsFileCopy.java:359)
  java.base@17.0.6/sun.nio.fs.WindowsFileSystemProvider.move(WindowsFileSystemProvider.java:293)
  java.base@17.0.6/java.nio.file.Files.move(Files.java:1432)
  os.move$.apply(FileOps.scala:98)
  scala.build.LocalRepo$.localRepo$$anonfun$1(LocalRepo.scala:91)
  scala.build.LocalRepo$.localRepo$$anonfun$adapted$1(LocalRepo.scala:92)
  scala.build.LocalRepo$.withLock(LocalRepo.scala:118)
  scala.build.LocalRepo$.localRepo(LocalRepo.scala:92)
  scala.cli.commands.shared.SharedOptions.buildOptions$$anonfun$1(SharedOptions.scala:439)
  scala.build.EitherCps$Helper.apply(EitherCps.scala:19)
  scala.cli.commands.shared.SharedOptions.buildOptions(SharedOptions.scala:306)
  scala.cli.commands.ScalaCommand.buildOptions$$anonfun$1(ScalaCommand.scala:334)
  scala.Option.map(Option.scala:242)
  scala.cli.commands.ScalaCommand.buildOptions(ScalaCommand.scala:334)
  scala.cli.commands.ScalaCommand.run(ScalaCommand.scala:395)
  scala.cli.commands.ScalaCommand.run(ScalaCommand.scala:382)
  caseapp.core.app.CaseApp.main(CaseApp.scala:166)
  scala.cli.commands.ScalaCommand.main(ScalaCommand.scala:367)
  caseapp.core.app.CommandsEntryPoint.main(CommandsEntryPoint.scala:370)
  scala.cli.ScalaCliCommands.main(ScalaCliCommands.scala:125)
  scala.cli.ScalaCli$.main0(ScalaCli.scala:320)
  scala.cli.ScalaCli$.main(ScalaCli.scala:124)
  scala.cli.ScalaCli.main(ScalaCli.scala)
